2017-12-13 19:26:44,510 p=11068 u=deploy |  Using /home/deploy/display_provisioning/ansible.cfg as config file
2017-12-13 19:26:44,560 p=11068 u=deploy |  PLAY [Install Abilitylab Display Apps] *****************************************
2017-12-13 19:26:44,576 p=11068 u=deploy |  TASK [setup] *******************************************************************
2017-12-13 19:26:44,931 p=11068 u=deploy |  ok: [localhost]
2017-12-13 19:26:44,933 p=11068 u=deploy |  TASK [app : Setup the Git repo] ************************************************
2017-12-13 19:26:45,833 p=11068 u=deploy |  ok: [localhost] => {"after": "5872115500223be6edfca9a6dcd2ce0fb7656add", "before": "5872115500223be6edfca9a6dcd2ce0fb7656add", "changed": false, "warnings": []}
2017-12-13 19:26:45,834 p=11068 u=deploy |  TASK [app : Ensure that the application file permissions are set properly] *****
2017-12-13 19:26:47,158 p=11068 u=deploy |  changed: [localhost] => {"changed": true, "gid": 1000, "group": "deploy", "mode": "0755", "owner": "deploy", "path": "/home/deploy/of/apps/Sites/abilitylab-signage-hardware", "size": 4096, "state": "directory", "uid": 1000}
2017-12-13 19:26:47,159 p=11068 u=deploy |  TASK [app : run npm install] ***************************************************
2017-12-13 19:26:54,520 p=11068 u=deploy |  changed: [localhost] => {"changed": true, "cmd": ["npm", "install"], "delta": "0:00:07.215414", "end": "2017-12-13 19:26:54.508504", "rc": 0, "start": "2017-12-13 19:26:47.293090", "stderr": "npm WARN optional SKIPPING OPTIONAL DEPENDENCY: fsevents@1.1.3 (node_modules/fsevents):\nnpm WARN notsup SKIPPING OPTIONAL DEPENDENCY: Unsupported platform for fsevents@1.1.3: wanted {\"os\":\"darwin\",\"arch\":\"any\"} (current: {\"os\":\"linux\",\"arch\":\"x64\"})", "stdout": "added 115 packages and updated 1 package in 6.914s", "stdout_lines": ["added 115 packages and updated 1 package in 6.914s"], "warnings": []}
2017-12-13 19:26:54,521 p=11068 u=deploy |  PLAY RECAP *********************************************************************
2017-12-13 19:26:54,521 p=11068 u=deploy |  localhost                  : ok=4    changed=2    unreachable=0    failed=0   
2017-12-13 19:28:01,724 p=11217 u=deploy |  Using /home/deploy/display_provisioning/ansible.cfg as config file
2017-12-13 19:28:01,774 p=11217 u=deploy |  PLAY [Install Abilitylab Display Apps] *****************************************
2017-12-13 19:28:01,790 p=11217 u=deploy |  TASK [setup] *******************************************************************
2017-12-13 19:28:02,148 p=11217 u=deploy |  ok: [localhost]
2017-12-13 19:28:02,149 p=11217 u=deploy |  TASK [app : Setup the Git repo] ************************************************
2017-12-13 19:28:05,539 p=11217 u=deploy |  ok: [localhost] => {"after": "5872115500223be6edfca9a6dcd2ce0fb7656add", "before": "5872115500223be6edfca9a6dcd2ce0fb7656add", "changed": false, "warnings": []}
2017-12-13 19:28:05,540 p=11217 u=deploy |  TASK [app : Ensure that the application file permissions are set properly] *****
2017-12-13 19:28:05,731 p=11217 u=deploy |  changed: [localhost] => {"changed": true, "gid": 1000, "group": "deploy", "mode": "0755", "owner": "deploy", "path": "/home/deploy/of/apps/Sites/abilitylab-signage-hardware", "size": 4096, "state": "directory", "uid": 1000}
2017-12-13 19:28:05,733 p=11217 u=deploy |  TASK [app : run npm install] ***************************************************
2017-12-13 19:29:22,444 p=11217 u=deploy |   [ERROR]: User interrupted execution

